set 13, 2022 1:34:32 PM org.eclipse.birt.chart.device.swt.SwtDisplayServer <init>
INFORMA합ES: SWT Display Server: win32 v4.430
set 13, 2022 1:34:32 PM org.eclipse.birt.chart.device.swt.SwtDisplayServer <init>
INFORMA합ES: SWT Display Server: win32 v4.430
set 13, 2022 1:34:32 PM org.eclipse.birt.chart.device.swt.SwtDisplayServer <init>
INFORMA합ES: SWT Display Server: win32 v4.430
set 13, 2022 1:34:32 PM org.eclipse.birt.chart.device.swt.SwtDisplayServer <init>
INFORMA합ES: SWT Display Server: win32 v4.430
set 13, 2022 1:34:32 PM org.eclipse.birt.chart.device.swt.SwtDisplayServer <init>
INFORMA합ES: SWT Display Server: win32 v4.430
set 13, 2022 1:34:32 PM org.eclipse.birt.chart.device.swt.R31Enhance <clinit>
INFORMA합ES: Advanced SWT graphics functions enabled.
set 13, 2022 1:34:32 PM org.eclipse.birt.chart.device.swt.SwtRendererImpl setProperty
INFORMA합ES: Using graphics context org.eclipse.swt.graphics.GC@GC {1845564144}
set 13, 2022 1:34:33 PM org.eclipse.birt.chart.render.EmptyWithAxes renderSeries
INFORMA합ES: org.eclipse.birt.chart.render.EmptyWithAxes: renderSeries() [1/2]
set 13, 2022 1:34:33 PM org.eclipse.birt.chart.extension.render.Bar renderSeries
INFORMA합ES: org.eclipse.birt.chart.extension.render.Bar: renderSeries() [2/2]
set 13, 2022 1:34:33 PM org.eclipse.birt.chart.device.swt.SwtRendererImpl enableInteraction
INFORMA합ES: Cannot enable interaction if an IUpdateNotifier is not associated with the renderer.
set 13, 2022 1:34:33 PM org.eclipse.birt.chart.device.swt.SwtRendererImpl enableInteraction
INFORMA합ES: Cannot enable interaction if an IUpdateNotifier is not associated with the renderer.
set 13, 2022 1:34:33 PM org.eclipse.birt.chart.device.swt.SwtRendererImpl enableInteraction
INFORMA합ES: Cannot enable interaction if an IUpdateNotifier is not associated with the renderer.
set 13, 2022 1:34:33 PM org.eclipse.birt.chart.device.swt.SwtRendererImpl enableInteraction
INFORMA합ES: Cannot enable interaction if an IUpdateNotifier is not associated with the renderer.
set 13, 2022 1:34:33 PM org.eclipse.birt.chart.device.swt.SwtRendererImpl enableInteraction
INFORMA합ES: Cannot enable interaction if an IUpdateNotifier is not associated with the renderer.
set 13, 2022 1:34:33 PM org.eclipse.birt.chart.device.swt.SwtRendererImpl enableInteraction
INFORMA합ES: Cannot enable interaction if an IUpdateNotifier is not associated with the renderer.
set 13, 2022 1:34:33 PM org.eclipse.birt.chart.device.swt.SwtRendererImpl enableInteraction
INFORMA합ES: Cannot enable interaction if an IUpdateNotifier is not associated with the renderer.
set 13, 2022 1:34:33 PM org.eclipse.birt.chart.device.swt.SwtRendererImpl enableInteraction
INFORMA합ES: Cannot enable interaction if an IUpdateNotifier is not associated with the renderer.
set 13, 2022 1:34:33 PM org.eclipse.birt.chart.device.swt.SwtRendererImpl enableInteraction
INFORMA합ES: Cannot enable interaction if an IUpdateNotifier is not associated with the renderer.
set 13, 2022 1:34:33 PM org.eclipse.birt.chart.device.swt.SwtRendererImpl enableInteraction
INFORMA합ES: Cannot enable interaction if an IUpdateNotifier is not associated with the renderer.
set 13, 2022 1:34:33 PM org.eclipse.birt.chart.device.swt.SwtRendererImpl enableInteraction
INFORMA합ES: Cannot enable interaction if an IUpdateNotifier is not associated with the renderer.
set 13, 2022 1:34:33 PM org.eclipse.birt.chart.device.swt.SwtRendererImpl enableInteraction
INFORMA합ES: Cannot enable interaction if an IUpdateNotifier is not associated with the renderer.
set 13, 2022 1:34:33 PM org.eclipse.birt.chart.device.swt.SwtRendererImpl enableInteraction
INFORMA합ES: Cannot enable interaction if an IUpdateNotifier is not associated with the renderer.
set 13, 2022 1:34:33 PM org.eclipse.birt.chart.device.swt.SwtRendererImpl enableInteraction
INFORMA합ES: Cannot enable interaction if an IUpdateNotifier is not associated with the renderer.
set 13, 2022 1:34:33 PM org.eclipse.birt.chart.device.swt.SwtRendererImpl enableInteraction
INFORMA합ES: Cannot enable interaction if an IUpdateNotifier is not associated with the renderer.
set 13, 2022 1:34:33 PM org.eclipse.birt.chart.device.swt.SwtRendererImpl enableInteraction
INFORMA합ES: Cannot enable interaction if an IUpdateNotifier is not associated with the renderer.
set 13, 2022 1:34:33 PM org.eclipse.birt.chart.device.swt.SwtRendererImpl enableInteraction
INFORMA합ES: Cannot enable interaction if an IUpdateNotifier is not associated with the renderer.
set 13, 2022 1:34:33 PM org.eclipse.birt.chart.device.swt.SwtRendererImpl setProperty
INFORMA합ES: Using graphics context org.eclipse.swt.graphics.GC@GC {-973007991}
set 13, 2022 1:34:33 PM org.eclipse.birt.chart.render.EmptyWithoutAxes renderSeries
INFORMA합ES: org.eclipse.birt.chart.render.EmptyWithoutAxes: renderSeries() [1/2]
set 13, 2022 1:34:33 PM org.eclipse.birt.chart.extension.render.Pie renderSeries
INFORMA합ES: {0}: renderSeries() [{1}/{2}]org.eclipse.birt.chart.extension.render.Pie22
set 13, 2022 1:34:33 PM org.eclipse.birt.chart.device.swt.SwtRendererImpl enableInteraction
INFORMA합ES: Cannot enable interaction if an IUpdateNotifier is not associated with the renderer.
set 13, 2022 1:34:33 PM org.eclipse.birt.chart.device.swt.SwtRendererImpl enableInteraction
INFORMA합ES: Cannot enable interaction if an IUpdateNotifier is not associated with the renderer.
set 13, 2022 1:34:33 PM org.eclipse.birt.chart.device.swt.SwtRendererImpl enableInteraction
INFORMA합ES: Cannot enable interaction if an IUpdateNotifier is not associated with the renderer.
set 13, 2022 1:34:33 PM org.eclipse.birt.chart.device.swt.SwtRendererImpl enableInteraction
INFORMA합ES: Cannot enable interaction if an IUpdateNotifier is not associated with the renderer.
set 13, 2022 1:34:33 PM org.eclipse.birt.chart.device.swt.SwtRendererImpl enableInteraction
INFORMA합ES: Cannot enable interaction if an IUpdateNotifier is not associated with the renderer.
set 13, 2022 1:34:33 PM org.eclipse.birt.chart.device.swt.SwtRendererImpl setProperty
INFORMA합ES: Using graphics context org.eclipse.swt.graphics.GC@GC {-1006562275}
set 13, 2022 1:34:33 PM org.eclipse.birt.chart.render.EmptyWithoutAxes renderSeries
INFORMA합ES: org.eclipse.birt.chart.render.EmptyWithoutAxes: renderSeries() [1/2]
set 13, 2022 1:34:33 PM org.eclipse.birt.chart.extension.render.Pie renderSeries
INFORMA합ES: {0}: renderSeries() [{1}/{2}]org.eclipse.birt.chart.extension.render.Pie22
set 13, 2022 1:34:33 PM org.eclipse.birt.chart.device.swt.SwtRendererImpl enableInteraction
INFORMA합ES: Cannot enable interaction if an IUpdateNotifier is not associated with the renderer.
set 13, 2022 1:34:33 PM org.eclipse.birt.chart.device.swt.SwtRendererImpl enableInteraction
INFORMA합ES: Cannot enable interaction if an IUpdateNotifier is not associated with the renderer.
set 13, 2022 1:34:33 PM org.eclipse.birt.chart.device.swt.SwtRendererImpl enableInteraction
INFORMA합ES: Cannot enable interaction if an IUpdateNotifier is not associated with the renderer.
set 13, 2022 1:34:33 PM org.eclipse.birt.chart.device.swt.SwtRendererImpl enableInteraction
INFORMA합ES: Cannot enable interaction if an IUpdateNotifier is not associated with the renderer.
set 13, 2022 1:34:33 PM org.eclipse.birt.chart.device.swt.SwtRendererImpl enableInteraction
INFORMA합ES: Cannot enable interaction if an IUpdateNotifier is not associated with the renderer.
set 13, 2022 1:34:33 PM org.eclipse.birt.chart.device.swt.SwtRendererImpl setProperty
INFORMA합ES: Using graphics context org.eclipse.swt.graphics.GC@GC {1694568362}
set 13, 2022 1:34:33 PM org.eclipse.birt.chart.render.EmptyWithoutAxes renderSeries
INFORMA합ES: org.eclipse.birt.chart.render.EmptyWithoutAxes: renderSeries() [1/2]
set 13, 2022 1:34:33 PM org.eclipse.birt.chart.extension.render.Dial renderSeries
INFORMA합ES: {0}: renderSeries() [{1}/{2}]org.eclipse.birt.chart.extension.render.Dial22
set 13, 2022 1:34:33 PM org.eclipse.birt.chart.device.swt.SwtRendererImpl enableInteraction
INFORMA합ES: Cannot enable interaction if an IUpdateNotifier is not associated with the renderer.
set 13, 2022 1:34:33 PM org.eclipse.birt.chart.device.swt.SwtRendererImpl enableInteraction
INFORMA합ES: Cannot enable interaction if an IUpdateNotifier is not associated with the renderer.
set 13, 2022 1:34:33 PM org.eclipse.birt.chart.device.swt.SwtRendererImpl setProperty
INFORMA합ES: Using graphics context org.eclipse.swt.graphics.GC@GC {1845564144}
set 13, 2022 1:34:33 PM org.eclipse.birt.chart.render.EmptyWithAxes renderSeries
INFORMA합ES: org.eclipse.birt.chart.render.EmptyWithAxes: renderSeries() [1/2]
set 13, 2022 1:34:33 PM org.eclipse.birt.chart.extension.render.Bar renderSeries
INFORMA합ES: org.eclipse.birt.chart.extension.render.Bar: renderSeries() [2/2]
set 13, 2022 1:34:33 PM org.eclipse.birt.chart.device.swt.SwtRendererImpl enableInteraction
INFORMA합ES: Cannot enable interaction if an IUpdateNotifier is not associated with the renderer.
set 13, 2022 1:34:33 PM org.eclipse.birt.chart.device.swt.SwtRendererImpl enableInteraction
INFORMA합ES: Cannot enable interaction if an IUpdateNotifier is not associated with the renderer.
set 13, 2022 1:34:33 PM org.eclipse.birt.chart.device.swt.SwtRendererImpl enableInteraction
INFORMA합ES: Cannot enable interaction if an IUpdateNotifier is not associated with the renderer.
set 13, 2022 1:34:33 PM org.eclipse.birt.chart.device.swt.SwtRendererImpl enableInteraction
INFORMA합ES: Cannot enable interaction if an IUpdateNotifier is not associated with the renderer.
set 13, 2022 1:34:33 PM org.eclipse.birt.chart.device.swt.SwtRendererImpl enableInteraction
INFORMA합ES: Cannot enable interaction if an IUpdateNotifier is not associated with the renderer.
set 13, 2022 1:34:33 PM org.eclipse.birt.chart.device.swt.SwtRendererImpl enableInteraction
INFORMA합ES: Cannot enable interaction if an IUpdateNotifier is not associated with the renderer.
set 13, 2022 1:34:33 PM org.eclipse.birt.chart.device.swt.SwtRendererImpl enableInteraction
INFORMA합ES: Cannot enable interaction if an IUpdateNotifier is not associated with the renderer.
set 13, 2022 1:34:33 PM org.eclipse.birt.chart.device.swt.SwtRendererImpl enableInteraction
INFORMA합ES: Cannot enable interaction if an IUpdateNotifier is not associated with the renderer.
set 13, 2022 1:34:33 PM org.eclipse.birt.chart.device.swt.SwtRendererImpl enableInteraction
INFORMA합ES: Cannot enable interaction if an IUpdateNotifier is not associated with the renderer.
set 13, 2022 1:34:33 PM org.eclipse.birt.chart.device.swt.SwtRendererImpl enableInteraction
INFORMA합ES: Cannot enable interaction if an IUpdateNotifier is not associated with the renderer.
set 13, 2022 1:34:33 PM org.eclipse.birt.chart.device.swt.SwtRendererImpl enableInteraction
INFORMA합ES: Cannot enable interaction if an IUpdateNotifier is not associated with the renderer.
set 13, 2022 1:34:33 PM org.eclipse.birt.chart.device.swt.SwtRendererImpl enableInteraction
INFORMA합ES: Cannot enable interaction if an IUpdateNotifier is not associated with the renderer.
set 13, 2022 1:34:33 PM org.eclipse.birt.chart.device.swt.SwtRendererImpl enableInteraction
INFORMA합ES: Cannot enable interaction if an IUpdateNotifier is not associated with the renderer.
set 13, 2022 1:34:33 PM org.eclipse.birt.chart.device.swt.SwtRendererImpl enableInteraction
INFORMA합ES: Cannot enable interaction if an IUpdateNotifier is not associated with the renderer.
set 13, 2022 1:34:33 PM org.eclipse.birt.chart.device.swt.SwtRendererImpl enableInteraction
INFORMA합ES: Cannot enable interaction if an IUpdateNotifier is not associated with the renderer.
set 13, 2022 1:34:33 PM org.eclipse.birt.chart.device.swt.SwtRendererImpl enableInteraction
INFORMA합ES: Cannot enable interaction if an IUpdateNotifier is not associated with the renderer.
set 13, 2022 1:34:33 PM org.eclipse.birt.chart.device.swt.SwtRendererImpl enableInteraction
INFORMA합ES: Cannot enable interaction if an IUpdateNotifier is not associated with the renderer.
set 13, 2022 1:34:33 PM org.eclipse.birt.chart.device.swt.SwtRendererImpl setProperty
INFORMA합ES: Using graphics context org.eclipse.swt.graphics.GC@GC {-973007991}
set 13, 2022 1:34:33 PM org.eclipse.birt.chart.render.EmptyWithoutAxes renderSeries
INFORMA합ES: org.eclipse.birt.chart.render.EmptyWithoutAxes: renderSeries() [1/2]
set 13, 2022 1:34:33 PM org.eclipse.birt.chart.extension.render.Pie renderSeries
INFORMA합ES: {0}: renderSeries() [{1}/{2}]org.eclipse.birt.chart.extension.render.Pie22
set 13, 2022 1:34:33 PM org.eclipse.birt.chart.device.swt.SwtRendererImpl enableInteraction
INFORMA합ES: Cannot enable interaction if an IUpdateNotifier is not associated with the renderer.
set 13, 2022 1:34:33 PM org.eclipse.birt.chart.device.swt.SwtRendererImpl enableInteraction
INFORMA합ES: Cannot enable interaction if an IUpdateNotifier is not associated with the renderer.
set 13, 2022 1:34:33 PM org.eclipse.birt.chart.device.swt.SwtRendererImpl enableInteraction
INFORMA합ES: Cannot enable interaction if an IUpdateNotifier is not associated with the renderer.
set 13, 2022 1:34:33 PM org.eclipse.birt.chart.device.swt.SwtRendererImpl enableInteraction
INFORMA합ES: Cannot enable interaction if an IUpdateNotifier is not associated with the renderer.
set 13, 2022 1:34:33 PM org.eclipse.birt.chart.device.swt.SwtRendererImpl enableInteraction
INFORMA합ES: Cannot enable interaction if an IUpdateNotifier is not associated with the renderer.
set 13, 2022 1:34:33 PM org.eclipse.birt.chart.device.swt.SwtRendererImpl setProperty
INFORMA합ES: Using graphics context org.eclipse.swt.graphics.GC@GC {-1006562275}
set 13, 2022 1:34:33 PM org.eclipse.birt.chart.render.EmptyWithoutAxes renderSeries
INFORMA합ES: org.eclipse.birt.chart.render.EmptyWithoutAxes: renderSeries() [1/2]
set 13, 2022 1:34:33 PM org.eclipse.birt.chart.extension.render.Pie renderSeries
INFORMA합ES: {0}: renderSeries() [{1}/{2}]org.eclipse.birt.chart.extension.render.Pie22
set 13, 2022 1:34:33 PM org.eclipse.birt.chart.device.swt.SwtRendererImpl enableInteraction
INFORMA합ES: Cannot enable interaction if an IUpdateNotifier is not associated with the renderer.
set 13, 2022 1:34:33 PM org.eclipse.birt.chart.device.swt.SwtRendererImpl enableInteraction
INFORMA합ES: Cannot enable interaction if an IUpdateNotifier is not associated with the renderer.
set 13, 2022 1:34:33 PM org.eclipse.birt.chart.device.swt.SwtRendererImpl enableInteraction
INFORMA합ES: Cannot enable interaction if an IUpdateNotifier is not associated with the renderer.
set 13, 2022 1:34:33 PM org.eclipse.birt.chart.device.swt.SwtRendererImpl enableInteraction
INFORMA합ES: Cannot enable interaction if an IUpdateNotifier is not associated with the renderer.
set 13, 2022 1:34:33 PM org.eclipse.birt.chart.device.swt.SwtRendererImpl enableInteraction
INFORMA합ES: Cannot enable interaction if an IUpdateNotifier is not associated with the renderer.
set 13, 2022 1:34:33 PM org.eclipse.birt.chart.device.swt.SwtRendererImpl setProperty
INFORMA합ES: Using graphics context org.eclipse.swt.graphics.GC@GC {1694568362}
set 13, 2022 1:34:33 PM org.eclipse.birt.chart.render.EmptyWithoutAxes renderSeries
INFORMA합ES: org.eclipse.birt.chart.render.EmptyWithoutAxes: renderSeries() [1/2]
set 13, 2022 1:34:33 PM org.eclipse.birt.chart.extension.render.Dial renderSeries
INFORMA합ES: {0}: renderSeries() [{1}/{2}]org.eclipse.birt.chart.extension.render.Dial22
set 13, 2022 1:34:33 PM org.eclipse.birt.chart.device.swt.SwtRendererImpl enableInteraction
INFORMA합ES: Cannot enable interaction if an IUpdateNotifier is not associated with the renderer.
set 13, 2022 1:34:33 PM org.eclipse.birt.chart.device.swt.SwtRendererImpl enableInteraction
INFORMA합ES: Cannot enable interaction if an IUpdateNotifier is not associated with the renderer.
